# JRE version: OpenJDK Runtime Environment Temurin-21.0.9+10 (21.0.9+10) (build 21.0.9+10-LTS)
# Java VM: OpenJDK 64-Bit Server VM Temurin-21.0.9+10 (21.0.9+10-LTS, mixed mode, sharing, tiered, compressed oops, compressed class ptrs, parallel gc, windows-amd64)
GC Precious Log:
 CardTable entry size: 512
 CPUs: 6 total, 6 available
 Memory: 16296M
 Large Page Support: Disabled
 NUMA Support: Disabled
 Compressed Oops: Enabled (32-bit)
 Alignments: Space 512K, Generation 512K, Heap 2M
 Heap Min Capacity: 100M
 Heap Initial Capacity: 100M
 Heap Max Capacity: 2G
 Pre-touch: Disabled
 Parallel Workers: 6
Heap:
 PSYoungGen      total 5632K, used 4560K [0x00000000d5580000, 0x00000000d5d80000, 0x0000000100000000)
  eden space 3072K, 100% used [0x00000000d5580000,0x00000000d5880000,0x00000000d5880000)
  from space 2560K, 58% used [0x00000000d5880000,0x00000000d59f4020,0x00000000d5b00000)
  to   space 2048K, 99% used [0x00000000d5b80000,0x00000000d5d7f9c0,0x00000000d5d80000)
 ParOldGen       total 828928K, used 629823K [0x0000000080000000, 0x00000000b2980000, 0x00000000d5580000)
  object space 828928K, 75% used [0x0000000080000000,0x00000000a670fcb0,0x00000000b2980000)
 Metaspace       used 83164K, committed 84864K, reserved 1179648K
  class space    used 8659K, committed 9408K, reserved 1048576K
GC Heap History (20 events):
Event: 607.285 GC heap after
{Heap after GC invocations=1610 (full 4):
 PSYoungGen      total 5632K, used 894K [0x00000000d5580000, 0x00000000d5e00000, 0x0000000100000000)
  eden space 4608K, 0% used [0x00000000d5580000,0x00000000d5580000,0x00000000d5a00000)
  from space 1024K, 87% used [0x00000000d5d00000,0x00000000d5ddfae0,0x00000000d5e00000)
  to   space 1024K, 0% used [0x00000000d5a00000,0x00000000d5a00000,0x00000000d5b00000)
 ParOldGen       total 828928K, used 612945K [0x0000000080000000, 0x00000000b2980000, 0x00000000d5580000)
  object space 828928K, 73% used [0x0000000080000000,0x00000000a5694750,0x00000000b2980000)
 Metaspace       used 83160K, committed 84864K, reserved 1179648K
  class space    used 8659K, committed 9408K, reserved 1048576K
}
Event: 607.370 GC heap before
{Heap before GC invocations=1611 (full 4):
 PSYoungGen      total 5632K, used 5502K [0x00000000d5580000, 0x00000000d5e00000, 0x0000000100000000)
  eden space 4608K, 99% used [0x00000000d5580000,0x00000000d59fffe0,0x00000000d5a00000)
  from space 1024K, 87% used [0x00000000d5d00000,0x00000000d5ddfae0,0x00000000d5e00000)
  to   space 1024K, 0% used [0x00000000d5a00000,0x00000000d5a00000,0x00000000d5b00000)
 ParOldGen       total 828928K, used 612945K [0x0000000080000000, 0x00000000b2980000, 0x00000000d5580000)
  object space 828928K, 73% used [0x0000000080000000,0x00000000a5694750,0x00000000b2980000)
 Metaspace       used 83164K, committed 84864K, reserved 1179648K
  class space    used 8659K, committed 9408K, reserved 1048576K
}
Event: 607.371 GC heap after
{Heap after GC invocations=1611 (full 4):
 PSYoungGen      total 5632K, used 766K [0x00000000d5580000, 0x00000000d5d80000, 0x0000000100000000)
  eden space 4608K, 0% used [0x00000000d5580000,0x00000000d5580000,0x00000000d5a00000)
  from space 1024K, 74% used [0x00000000d5a00000,0x00000000d5abfa90,0x00000000d5b00000)
  to   space 1024K, 0% used [0x00000000d5c80000,0x00000000d5c80000,0x00000000d5d80000)
 ParOldGen       total 828928K, used 613472K [0x0000000080000000, 0x00000000b2980000, 0x00000000d5580000)
  object space 828928K, 74% used [0x0000000080000000,0x00000000a57181e0,0x00000000b2980000)
 Metaspace       used 83164K, committed 84864K, reserved 1179648K
  class space    used 8659K, committed 9408K, reserved 1048576K
}
Event: 607.379 GC heap before
{Heap before GC invocations=1612 (full 4):
 PSYoungGen      total 5632K, used 5374K [0x00000000d5580000, 0x00000000d5d80000, 0x0000000100000000)
  eden space 4608K, 100% used [0x00000000d5580000,0x00000000d5a00000,0x00000000d5a00000)
  from space 1024K, 74% used [0x00000000d5a00000,0x00000000d5abfa90,0x00000000d5b00000)
  to   space 1024K, 0% used [0x00000000d5c80000,0x00000000d5c80000,0x00000000d5d80000)
 ParOldGen       total 828928K, used 613472K [0x0000000080000000, 0x00000000b2980000, 0x00000000d5580000)
  object space 828928K, 74% used [0x0000000080000000,0x00000000a57181e0,0x00000000b2980000)
 Metaspace       used 83164K, committed 84864K, reserved 1179648K
  class space    used 8659K, committed 9408K, reserved 1048576K
}
Event: 607.383 GC heap after
{Heap after GC invocations=1612 (full 4):
 PSYoungGen      total 2048K, used 1024K [0x00000000d5580000, 0x00000000d6600000, 0x0000000100000000)
  eden space 1024K, 0% used [0x00000000d5580000,0x00000000d5580000,0x00000000d5680000)
  from space 1024K, 100% used [0x00000000d5c80000,0x00000000d5d80000,0x00000000d5d80000)
  to   space 6144K, 0% used [0x00000000d5680000,0x00000000d5680000,0x00000000d5c80000)
 ParOldGen       total 828928K, used 617543K [0x0000000080000000, 0x00000000b2980000, 0x00000000d5580000)
  object space 828928K, 74% used [0x0000000080000000,0x00000000a5b11c80,0x00000000b2980000)
 Metaspace       used 83164K, committed 84864K, reserved 1179648K
  class space    used 8659K, committed 9408K, reserved 1048576K
}
Event: 607.385 GC heap before
{Heap before GC invocations=1613 (full 4):
 PSYoungGen      total 2048K, used 2048K [0x00000000d5580000, 0x00000000d6600000, 0x0000000100000000)
  eden space 1024K, 100% used [0x00000000d5580000,0x00000000d5680000,0x00000000d5680000)
  from space 1024K, 100% used [0x00000000d5c80000,0x00000000d5d80000,0x00000000d5d80000)
  to   space 6144K, 0% used [0x00000000d5680000,0x00000000d5680000,0x00000000d5c80000)
 ParOldGen       total 828928K, used 617543K [0x0000000080000000, 0x00000000b2980000, 0x00000000d5580000)
  object space 828928K, 74% used [0x0000000080000000,0x00000000a5b11c80,0x00000000b2980000)
 Metaspace       used 83164K, committed 84864K, reserved 1179648K
  class space    used 8659K, committed 9408K, reserved 1048576K
}
Event: 607.387 GC heap after
{Heap after GC invocations=1613 (full 4):
 PSYoungGen      total 2048K, used 1024K [0x00000000d5580000, 0x00000000d5d00000, 0x0000000100000000)
  eden space 1024K, 0% used [0x00000000d5580000,0x00000000d5580000,0x00000000d5680000)
  from space 1024K, 100% used [0x00000000d5680000,0x00000000d5780000,0x00000000d5780000)
  to   space 2560K, 0% used [0x00000000d5a80000,0x00000000d5a80000,0x00000000d5d00000)
 ParOldGen       total 828928K, used 618591K [0x0000000080000000, 0x00000000b2980000, 0x00000000d5580000)
  object space 828928K, 74% used [0x0000000080000000,0x00000000a5c17c80,0x00000000b2980000)
 Metaspace       used 83164K, committed 84864K, reserved 1179648K
  class space    used 8659K, committed 9408K, reserved 1048576K
}
Event: 607.389 GC heap before
{Heap before GC invocations=1614 (full 4):
 PSYoungGen      total 2048K, used 2048K [0x00000000d5580000, 0x00000000d5d00000, 0x0000000100000000)
  eden space 1024K, 100% used [0x00000000d5580000,0x00000000d5680000,0x00000000d5680000)
  from space 1024K, 100% used [0x00000000d5680000,0x00000000d5780000,0x00000000d5780000)
  to   space 2560K, 0% used [0x00000000d5a80000,0x00000000d5a80000,0x00000000d5d00000)
 ParOldGen       total 828928K, used 618591K [0x0000000080000000, 0x00000000b2980000, 0x00000000d5580000)
  object space 828928K, 74% used [0x0000000080000000,0x00000000a5c17c80,0x00000000b2980000)
 Metaspace       used 83164K, committed 84864K, reserved 1179648K
  class space    used 8659K, committed 9408K, reserved 1048576K
}
Event: 607.392 GC heap after
{Heap after GC invocations=1614 (full 4):
 PSYoungGen      total 3072K, used 1088K [0x00000000d5580000, 0x00000000d5c00000, 0x0000000100000000)
  eden space 1536K, 0% used [0x00000000d5580000,0x00000000d5580000,0x00000000d5700000)
  from space 1536K, 70% used [0x00000000d5a80000,0x00000000d5b90000,0x00000000d5c00000)
  to   space 1536K, 0% used [0x00000000d5900000,0x00000000d5900000,0x00000000d5a80000)
 ParOldGen       total 828928K, used 619575K [0x0000000080000000, 0x00000000b2980000, 0x00000000d5580000)
  object space 828928K, 74% used [0x0000000080000000,0x00000000a5d0dc80,0x00000000b2980000)
 Metaspace       used 83164K, committed 84864K, reserved 1179648K
  class space    used 8659K, committed 9408K, reserved 1048576K
}
Event: 607.395 GC heap before
{Heap before GC invocations=1615 (full 4):
 PSYoungGen      total 3072K, used 2624K [0x00000000d5580000, 0x00000000d5c00000, 0x0000000100000000)
  eden space 1536K, 100% used [0x00000000d5580000,0x00000000d5700000,0x00000000d5700000)
  from space 1536K, 70% used [0x00000000d5a80000,0x00000000d5b90000,0x00000000d5c00000)
  to   space 1536K, 0% used [0x00000000d5900000,0x00000000d5900000,0x00000000d5a80000)
 ParOldGen       total 828928K, used 619575K [0x0000000080000000, 0x00000000b2980000, 0x00000000d5580000)
  object space 828928K, 74% used [0x0000000080000000,0x00000000a5d0dc80,0x00000000b2980000)
 Metaspace       used 83164K, committed 84864K, reserved 1179648K
  class space    used 8659K, committed 9408K, reserved 1048576K
}
Event: 607.397 GC heap after
{Heap after GC invocations=1615 (full 4):
 PSYoungGen      total 3584K, used 1536K [0x00000000d5580000, 0x00000000d5d80000, 0x0000000100000000)
  eden space 2048K, 0% used [0x00000000d5580000,0x00000000d5580000,0x00000000d5780000)
  from space 1536K, 100% used [0x00000000d5900000,0x00000000d5a80000,0x00000000d5a80000)
  to   space 3072K, 0% used [0x00000000d5a80000,0x00000000d5a80000,0x00000000d5d80000)
 ParOldGen       total 828928K, used 620583K [0x0000000080000000, 0x00000000b2980000, 0x00000000d5580000)
  object space 828928K, 74% used [0x0000000080000000,0x00000000a5e09c80,0x00000000b2980000)
 Metaspace       used 83164K, committed 84864K, reserved 1179648K
  class space    used 8659K, committed 9408K, reserved 1048576K
}
Event: 607.401 GC heap before
{Heap before GC invocations=1616 (full 4):
 PSYoungGen      total 3584K, used 3584K [0x00000000d5580000, 0x00000000d5d80000, 0x0000000100000000)
  eden space 2048K, 100% used [0x00000000d5580000,0x00000000d5780000,0x00000000d5780000)
  from space 1536K, 100% used [0x00000000d5900000,0x00000000d5a80000,0x00000000d5a80000)
  to   space 3072K, 0% used [0x00000000d5a80000,0x00000000d5a80000,0x00000000d5d80000)
 ParOldGen       total 828928K, used 620583K [0x0000000080000000, 0x00000000b2980000, 0x00000000d5580000)
  object space 828928K, 74% used [0x0000000080000000,0x00000000a5e09c80,0x00000000b2980000)
 Metaspace       used 83164K, committed 84864K, reserved 1179648K
  class space    used 8659K, committed 9408K, reserved 1048576K
}
Event: 607.404 GC heap after
{Heap after GC invocations=1616 (full 4):
 PSYoungGen      total 5120K, used 2144K [0x00000000d5580000, 0x00000000d5d00000, 0x0000000100000000)
  eden space 2560K, 0% used [0x00000000d5580000,0x00000000d5580000,0x00000000d5800000)
  from space 2560K, 83% used [0x00000000d5a80000,0x00000000d5c98000,0x00000000d5d00000)
  to   space 2560K, 0% used [0x00000000d5800000,0x00000000d5800000,0x00000000d5a80000)
 ParOldGen       total 828928K, used 622111K [0x0000000080000000, 0x00000000b2980000, 0x00000000d5580000)
  object space 828928K, 75% used [0x0000000080000000,0x00000000a5f87c80,0x00000000b2980000)
 Metaspace       used 83164K, committed 84864K, reserved 1179648K
  class space    used 8659K, committed 9408K, reserved 1048576K
}
Event: 607.417 GC heap before
{Heap before GC invocations=1617 (full 4):
 PSYoungGen      total 5120K, used 4703K [0x00000000d5580000, 0x00000000d5d00000, 0x0000000100000000)
  eden space 2560K, 99% used [0x00000000d5580000,0x00000000d57ffff8,0x00000000d5800000)
  from space 2560K, 83% used [0x00000000d5a80000,0x00000000d5c98000,0x00000000d5d00000)
  to   space 2560K, 0% used [0x00000000d5800000,0x00000000d5800000,0x00000000d5a80000)
 ParOldGen       total 828928K, used 622111K [0x0000000080000000, 0x00000000b2980000, 0x00000000d5580000)
  object space 828928K, 75% used [0x0000000080000000,0x00000000a5f87c80,0x00000000b2980000)
 Metaspace       used 83164K, committed 84864K, reserved 1179648K
  class space    used 8659K, committed 9408K, reserved 1048576K
}
Event: 607.421 GC heap after
{Heap after GC invocations=1617 (full 4):
 PSYoungGen      total 5120K, used 2280K [0x00000000d5580000, 0x00000000d5d80000, 0x0000000100000000)
  eden space 2560K, 0% used [0x00000000d5580000,0x00000000d5580000,0x00000000d5800000)
  from space 2560K, 89% used [0x00000000d5800000,0x00000000d5a3a000,0x00000000d5a80000)
  to   space 2560K, 0% used [0x00000000d5b00000,0x00000000d5b00000,0x00000000d5d80000)
 ParOldGen       total 828928K, used 624159K [0x0000000080000000, 0x00000000b2980000, 0x00000000d5580000)
  object space 828928K, 75% used [0x0000000080000000,0x00000000a6187c80,0x00000000b2980000)
 Metaspace       used 83164K, committed 84864K, reserved 1179648K
  class space    used 8659K, committed 9408K, reserved 1048576K
}
Event: 607.435 GC heap before
{Heap before GC invocations=1618 (full 4):
 PSYoungGen      total 5120K, used 4687K [0x00000000d5580000, 0x00000000d5d80000, 0x0000000100000000)
  eden space 2560K, 94% used [0x00000000d5580000,0x00000000d57d9ca0,0x00000000d5800000)
  from space 2560K, 89% used [0x00000000d5800000,0x00000000d5a3a000,0x00000000d5a80000)
  to   space 2560K, 0% used [0x00000000d5b00000,0x00000000d5b00000,0x00000000d5d80000)
 ParOldGen       total 828928K, used 624159K [0x0000000080000000, 0x00000000b2980000, 0x00000000d5580000)
  object space 828928K, 75% used [0x0000000080000000,0x00000000a6187c80,0x00000000b2980000)
 Metaspace       used 83164K, committed 84864K, reserved 1179648K
  class space    used 8659K, committed 9408K, reserved 1048576K
}
Event: 607.437 GC heap after
{Heap after GC invocations=1618 (full 4):
 PSYoungGen      total 5632K, used 2496K [0x00000000d5580000, 0x00000000d5d80000, 0x0000000100000000)
  eden space 3072K, 0% used [0x00000000d5580000,0x00000000d5580000,0x00000000d5880000)
  from space 2560K, 97% used [0x00000000d5b00000,0x00000000d5d70000,0x00000000d5d80000)
  to   space 2560K, 0% used [0x00000000d5880000,0x00000000d5880000,0x00000000d5b00000)
 ParOldGen       total 828928K, used 625935K [0x0000000080000000, 0x00000000b2980000, 0x00000000d5580000)
  object space 828928K, 75% used [0x0000000080000000,0x00000000a6343c80,0x00000000b2980000)
 Metaspace       used 83164K, committed 84864K, reserved 1179648K
  class space    used 8659K, committed 9408K, reserved 1048576K
}
Event: 607.470 GC heap before
{Heap before GC invocations=1619 (full 4):
 PSYoungGen      total 5632K, used 5567K [0x00000000d5580000, 0x00000000d5d80000, 0x0000000100000000)
  eden space 3072K, 99% used [0x00000000d5580000,0x00000000d587ffd0,0x00000000d5880000)
  from space 2560K, 97% used [0x00000000d5b00000,0x00000000d5d70000,0x00000000d5d80000)
  to   space 2560K, 0% used [0x00000000d5880000,0x00000000d5880000,0x00000000d5b00000)
 ParOldGen       total 828928K, used 625935K [0x0000000080000000, 0x00000000b2980000, 0x00000000d5580000)
  object space 828928K, 75% used [0x0000000080000000,0x00000000a6343c80,0x00000000b2980000)
 Metaspace       used 83164K, committed 84864K, reserved 1179648K
  class space    used 8659K, committed 9408K, reserved 1048576K
}
Event: 607.473 GC heap after
{Heap after GC invocations=1619 (full 4):
 PSYoungGen      total 5632K, used 1488K [0x00000000d5580000, 0x00000000d5d80000, 0x0000000100000000)
  eden space 3072K, 0% used [0x00000000d5580000,0x00000000d5580000,0x00000000d5880000)
  from space 2560K, 58% used [0x00000000d5880000,0x00000000d59f4020,0x00000000d5b00000)
  to   space 2048K, 0% used [0x00000000d5b80000,0x00000000d5b80000,0x00000000d5d80000)
 ParOldGen       total 828928K, used 627551K [0x0000000080000000, 0x00000000b2980000, 0x00000000d5580000)
  object space 828928K, 75% used [0x0000000080000000,0x00000000a64d7c80,0x00000000b2980000)
 Metaspace       used 83164K, committed 84864K, reserved 1179648K
  class space    used 8659K, committed 9408K, reserved 1048576K
}
Event: 607.476 GC heap before
{Heap before GC invocations=1620 (full 4):
 PSYoungGen      total 5632K, used 4560K [0x00000000d5580000, 0x00000000d5d80000, 0x0000000100000000)
  eden space 3072K, 100% used [0x00000000d5580000,0x00000000d5880000,0x00000000d5880000)
  from space 2560K, 58% used [0x00000000d5880000,0x00000000d59f4020,0x00000000d5b00000)
  to   space 2048K, 0% used [0x00000000d5b80000,0x00000000d5b80000,0x00000000d5d80000)
 ParOldGen       total 828928K, used 627551K [0x0000000080000000, 0x00000000b2980000, 0x00000000d5580000)
  object space 828928K, 75% used [0x0000000080000000,0x00000000a64d7c80,0x00000000b2980000)
 Metaspace       used 83164K, committed 84864K, reserved 1179648K
  class space    used 8659K, committed 9408K, reserved 1048576K
}

